<?xml version="1.0" encoding="UTF-8"?>
<!-- Generated by org.testng.reporters.JUnitReportReporter -->
<testsuite hostname="LAPTOP-Q5MQ97JC" failures="0" tests="1" name="OrangeHRMTestClass.TC01_VerifyLoginFunctionality" time="15.700" errors="0" timestamp="2023-01-22T00:33:23 IST" skipped="0">
  <testcase classname="OrangeHRMTestClass.TC01_VerifyLoginFunctionality" name="verify_login_functionality" time="15.700"/>
  <system-out/>
</testsuite> <!-- OrangeHRMTestClass.TC01_VerifyLoginFunctionality -->
